{"C:\\Users\\Ana Berg\\projects\\personal\\devices\\devices-web\\src\\vite-env.d.ts": {"path":"C:\\Users\\Ana Berg\\projects\\personal\\devices\\devices-web\\src\\vite-env.d.ts","statementMap":{},"fnMap":{},"branchMap":{},"s":{},"f":{},"b":{}}
,"C:\\Users\\Ana Berg\\projects\\personal\\devices\\devices-web\\src\\components\\Accordian\\Accordian.tsx": {"path":"C:\\Users\\Ana Berg\\projects\\personal\\devices\\devices-web\\src\\components\\Accordian\\Accordian.tsx","statementMap":{"0":{"start":{"line":1,"column":0},"end":{"line":1,"column":33}},"1":{"start":{"line":3,"column":0},"end":{"line":3,"column":56}},"2":{"start":{"line":4,"column":0},"end":{"line":4,"column":56}},"3":{"start":{"line":6,"column":0},"end":{"line":6,"column":32}},"4":{"start":{"line":13,"column":44},"end":{"line":51,"column":1}},"5":{"start":{"line":14,"column":26},"end":{"line":14,"column":49}},"6":{"start":{"line":16,"column":2},"end":{"line":50,"column":4}},"7":{"start":{"line":28,"column":25},"end":{"line":28,"column":43}},"8":{"start":{"line":28,"column":40},"end":{"line":28,"column":42}},"9":{"start":{"line":53,"column":0},"end":{"line":53,"column":25}}},"fnMap":{"0":{"name":"(anonymous_1)","decl":{"start":{"line":13,"column":44},"end":{"line":13,"column":45}},"loc":{"start":{"line":13,"column":68},"end":{"line":51,"column":1}}},"1":{"name":"(anonymous_2)","decl":{"start":{"line":28,"column":19},"end":{"line":28,"column":22}},"loc":{"start":{"line":28,"column":25},"end":{"line":28,"column":43}}},"2":{"name":"(anonymous_3)","decl":{"start":{"line":28,"column":33},"end":{"line":28,"column":34}},"loc":{"start":{"line":28,"column":40},"end":{"line":28,"column":42}}}},"branchMap":{"0":{"loc":{"start":{"line":35,"column":26},"end":{"line":35,"column":57}},"type":"cond-expr","locations":[{"start":{"line":35,"column":33},"end":{"line":35,"column":52}},{"start":{"line":35,"column":55},"end":{"line":35,"column":57}}]},"1":{"loc":{"start":{"line":41,"column":11},"end":{"line":41,"column":49}},"type":"cond-expr","locations":[{"start":{"line":41,"column":18},"end":{"line":41,"column":32}},{"start":{"line":41,"column":35},"end":{"line":41,"column":49}}]},"2":{"loc":{"start":{"line":43,"column":9},"end":{"line":47,"column":16}},"type":"cond-expr","locations":[{"start":{"line":44,"column":10},"end":{"line":45,"column":null}},{"start":{"line":47,"column":12},"end":{"line":47,"column":16}}]}},"s":{"0":8,"1":8,"2":8,"3":8,"4":8,"5":35,"6":35,"7":1,"8":1,"9":8},"f":{"0":35,"1":1,"2":1},"b":{"0":[34,1],"1":[34,1],"2":[34,1]}}
,"C:\\Users\\Ana Berg\\projects\\personal\\devices\\devices-web\\src\\components\\Button\\Button.tsx": {"path":"C:\\Users\\Ana Berg\\projects\\personal\\devices\\devices-web\\src\\components\\Button\\Button.tsx","statementMap":{"0":{"start":{"line":1,"column":0},"end":{"line":1,"column":49}},"1":{"start":{"line":12,"column":38},"end":{"line":77,"column":1}},"2":{"start":{"line":20,"column":16},"end":{"line":61,"column":3}},"3":{"start":{"line":21,"column":4},"end":{"line":60,"column":null}},"4":{"start":{"line":23,"column":8},"end":{"line":33,"column":10}},"5":{"start":{"line":35,"column":8},"end":{"line":45,"column":10}},"6":{"start":{"line":48,"column":8},"end":{"line":59,"column":10}},"7":{"start":{"line":63,"column":2},"end":{"line":76,"column":4}},"8":{"start":{"line":79,"column":0},"end":{"line":79,"column":22}}},"fnMap":{"0":{"name":"(anonymous_0)","decl":{"start":{"line":12,"column":38},"end":{"line":12,"column":39}},"loc":{"start":{"line":19,"column":5},"end":{"line":77,"column":1}}},"1":{"name":"(anonymous_1)","decl":{"start":{"line":20,"column":16},"end":{"line":20,"column":40}},"loc":{"start":{"line":20,"column":42},"end":{"line":61,"column":3}}}},"branchMap":{"0":{"loc":{"start":{"line":14,"column":2},"end":{"line":14,"column":23}},"type":"default-arg","locations":[{"start":{"line":14,"column":12},"end":{"line":14,"column":23}}]},"1":{"loc":{"start":{"line":17,"column":2},"end":{"line":17,"column":17}},"type":"default-arg","locations":[{"start":{"line":17,"column":12},"end":{"line":17,"column":17}}]},"2":{"loc":{"start":{"line":18,"column":2},"end":{"line":18,"column":18}},"type":"default-arg","locations":[{"start":{"line":18,"column":13},"end":{"line":18,"column":18}}]},"3":{"loc":{"start":{"line":21,"column":4},"end":{"line":60,"column":null}},"type":"switch","locations":[{"start":{"line":22,"column":6},"end":{"line":33,"column":10}},{"start":{"line":34,"column":6},"end":{"line":45,"column":10}},{"start":{"line":46,"column":6},"end":{"line":46,"column":23}},{"start":{"line":47,"column":6},"end":{"line":59,"column":10}}]},"4":{"loc":{"start":{"line":65,"column":16},"end":{"line":65,"column":35}},"type":"binary-expr","locations":[{"start":{"line":65,"column":16},"end":{"line":65,"column":24}},{"start":{"line":65,"column":28},"end":{"line":65,"column":35}}]},"5":{"loc":{"start":{"line":70,"column":7},"end":{"line":73,"column":null}},"type":"cond-expr","locations":[{"start":{"line":71,"column":8},"end":{"line":71,"column":68}},{"start":{"line":73,"column":8},"end":{"line":73,"column":16}}]}},"s":{"0":9,"1":9,"2":76,"3":76,"4":37,"5":1,"6":38,"7":76,"8":9},"f":{"0":76,"1":76},"b":{"0":[38],"1":[39],"2":[76],"3":[37,1,38,38],"4":[76,76],"5":[1,75]}}
,"C:\\Users\\Ana Berg\\projects\\personal\\devices\\devices-web\\src\\components\\Form\\From.tsx": {"path":"C:\\Users\\Ana Berg\\projects\\personal\\devices\\devices-web\\src\\components\\Form\\From.tsx","statementMap":{"0":{"start":{"line":1,"column":0},"end":{"line":1,"column":62}},"1":{"start":{"line":10,"column":34},"end":{"line":16,"column":1}},"2":{"start":{"line":11,"column":2},"end":{"line":15,"column":4}},"3":{"start":{"line":18,"column":0},"end":{"line":18,"column":20}}},"fnMap":{"0":{"name":"(anonymous_0)","decl":{"start":{"line":10,"column":34},"end":{"line":10,"column":35}},"loc":{"start":{"line":10,"column":70},"end":{"line":16,"column":1}}}},"branchMap":{},"s":{"0":9,"1":9,"2":41,"3":9},"f":{"0":41},"b":{}}
,"C:\\Users\\Ana Berg\\projects\\personal\\devices\\devices-web\\src\\components\\List\\List.tsx": {"path":"C:\\Users\\Ana Berg\\projects\\personal\\devices\\devices-web\\src\\components\\List\\List.tsx","statementMap":{"0":{"start":{"line":1,"column":0},"end":{"line":1,"column":49}},"1":{"start":{"line":3,"column":0},"end":{"line":3,"column":32}},"2":{"start":{"line":15,"column":34},"end":{"line":62,"column":1}},"3":{"start":{"line":16,"column":2},"end":{"line":18,"column":null}},"4":{"start":{"line":17,"column":4},"end":{"line":17,"column":72}},"5":{"start":{"line":20,"column":2},"end":{"line":34,"column":null}},"6":{"start":{"line":21,"column":4},"end":{"line":33,"column":6}},"7":{"start":{"line":36,"column":2},"end":{"line":61,"column":4}},"8":{"start":{"line":47,"column":10},"end":{"line":48,"column":null}},"9":{"start":{"line":64,"column":0},"end":{"line":64,"column":20}}},"fnMap":{"0":{"name":"(anonymous_0)","decl":{"start":{"line":15,"column":34},"end":{"line":15,"column":35}},"loc":{"start":{"line":15,"column":65},"end":{"line":62,"column":1}}},"1":{"name":"(anonymous_1)","decl":{"start":{"line":46,"column":20},"end":{"line":46,"column":21}},"loc":{"start":{"line":47,"column":10},"end":{"line":48,"column":null}}}},"branchMap":{"0":{"loc":{"start":{"line":15,"column":44},"end":{"line":15,"column":59}},"type":"default-arg","locations":[{"start":{"line":15,"column":54},"end":{"line":15,"column":59}}]},"1":{"loc":{"start":{"line":16,"column":2},"end":{"line":18,"column":null}},"type":"if","locations":[{"start":{"line":16,"column":2},"end":{"line":18,"column":null}}]},"2":{"loc":{"start":{"line":20,"column":2},"end":{"line":34,"column":null}},"type":"if","locations":[{"start":{"line":20,"column":2},"end":{"line":34,"column":null}}]},"3":{"loc":{"start":{"line":50,"column":28},"end":{"line":50,"column":78}},"type":"cond-expr","locations":[{"start":{"line":50,"column":54},"end":{"line":50,"column":73}},{"start":{"line":50,"column":76},"end":{"line":50,"column":78}}]}},"s":{"0":8,"1":8,"2":8,"3":11,"4":1,"5":10,"6":9,"7":1,"8":2,"9":8},"f":{"0":11,"1":2},"b":{"0":[2],"1":[1],"2":[9],"3":[1,1]}}
,"C:\\Users\\Ana Berg\\projects\\personal\\devices\\devices-web\\src\\components\\Select\\Select.tsx": {"path":"C:\\Users\\Ana Berg\\projects\\personal\\devices\\devices-web\\src\\components\\Select\\Select.tsx","statementMap":{"0":{"start":{"line":1,"column":0},"end":{"line":1,"column":61}},"1":{"start":{"line":15,"column":38},"end":{"line":70,"column":1}},"2":{"start":{"line":23,"column":22},"end":{"line":23,"column":38}},"3":{"start":{"line":25,"column":2},"end":{"line":69,"column":4}},"4":{"start":{"line":31,"column":8},"end":{"line":65,"column":null}},"5":{"start":{"line":61,"column":14},"end":{"line":61,"column":30}},"6":{"start":{"line":72,"column":0},"end":{"line":72,"column":22}}},"fnMap":{"0":{"name":"(anonymous_0)","decl":{"start":{"line":15,"column":38},"end":{"line":15,"column":39}},"loc":{"start":{"line":22,"column":5},"end":{"line":70,"column":1}}},"1":{"name":"(anonymous_1)","decl":{"start":{"line":30,"column":14},"end":{"line":30,"column":15}},"loc":{"start":{"line":31,"column":8},"end":{"line":65,"column":null}}},"2":{"name":"(anonymous_2)","decl":{"start":{"line":60,"column":23},"end":{"line":60,"column":24}},"loc":{"start":{"line":61,"column":14},"end":{"line":61,"column":30}}}},"branchMap":{"0":{"loc":{"start":{"line":19,"column":2},"end":{"line":19,"column":18}},"type":"default-arg","locations":[{"start":{"line":19,"column":13},"end":{"line":19,"column":18}}]},"1":{"loc":{"start":{"line":20,"column":2},"end":{"line":20,"column":15}},"type":"default-arg","locations":[{"start":{"line":20,"column":10},"end":{"line":20,"column":15}}]},"2":{"loc":{"start":{"line":21,"column":2},"end":{"line":21,"column":18}},"type":"default-arg","locations":[{"start":{"line":21,"column":13},"end":{"line":21,"column":18}}]},"3":{"loc":{"start":{"line":54,"column":22},"end":{"line":54,"column":71}},"type":"cond-expr","locations":[{"start":{"line":54,"column":30},"end":{"line":54,"column":49}},{"start":{"line":54,"column":52},"end":{"line":54,"column":71}}]}},"s":{"0":8,"1":8,"2":17,"3":17,"4":19,"5":53,"6":8},"f":{"0":17,"1":19,"2":53},"b":{"0":[17],"1":[1],"2":[2],"3":[1,18]}}
,"C:\\Users\\Ana Berg\\projects\\personal\\devices\\devices-web\\src\\components\\TextField\\TextField.tsx": {"path":"C:\\Users\\Ana Berg\\projects\\personal\\devices\\devices-web\\src\\components\\TextField\\TextField.tsx","statementMap":{"0":{"start":{"line":1,"column":0},"end":{"line":1,"column":61}},"1":{"start":{"line":2,"column":0},"end":{"line":2,"column":41}},"2":{"start":{"line":13,"column":44},"end":{"line":61,"column":1}},"3":{"start":{"line":21,"column":22},"end":{"line":21,"column":38}},"4":{"start":{"line":23,"column":2},"end":{"line":60,"column":4}},"5":{"start":{"line":29,"column":8},"end":{"line":56,"column":null}},"6":{"start":{"line":63,"column":0},"end":{"line":63,"column":25}}},"fnMap":{"0":{"name":"(anonymous_1)","decl":{"start":{"line":13,"column":44},"end":{"line":13,"column":45}},"loc":{"start":{"line":20,"column":5},"end":{"line":61,"column":1}}},"1":{"name":"(anonymous_2)","decl":{"start":{"line":28,"column":14},"end":{"line":28,"column":15}},"loc":{"start":{"line":29,"column":8},"end":{"line":56,"column":null}}}},"branchMap":{"0":{"loc":{"start":{"line":16,"column":2},"end":{"line":16,"column":11}},"type":"default-arg","locations":[{"start":{"line":16,"column":9},"end":{"line":16,"column":11}}]},"1":{"loc":{"start":{"line":17,"column":2},"end":{"line":17,"column":18}},"type":"default-arg","locations":[{"start":{"line":17,"column":13},"end":{"line":17,"column":18}}]},"2":{"loc":{"start":{"line":18,"column":2},"end":{"line":18,"column":15}},"type":"default-arg","locations":[{"start":{"line":18,"column":10},"end":{"line":18,"column":15}}]},"3":{"loc":{"start":{"line":19,"column":2},"end":{"line":19,"column":18}},"type":"default-arg","locations":[{"start":{"line":19,"column":13},"end":{"line":19,"column":18}}]},"4":{"loc":{"start":{"line":50,"column":22},"end":{"line":50,"column":71}},"type":"cond-expr","locations":[{"start":{"line":50,"column":30},"end":{"line":50,"column":49}},{"start":{"line":50,"column":52},"end":{"line":50,"column":71}}]}},"s":{"0":8,"1":8,"2":8,"3":68,"4":68,"5":76,"6":8},"f":{"0":68,"1":76},"b":{"0":[32],"1":[2],"2":[1],"3":[68],"4":[1,75]}}
,"C:\\Users\\Ana Berg\\projects\\personal\\devices\\devices-web\\src\\components\\Toast\\Toast.tsx": {"path":"C:\\Users\\Ana Berg\\projects\\personal\\devices\\devices-web\\src\\components\\Toast\\Toast.tsx","statementMap":{"0":{"start":{"line":1,"column":0},"end":{"line":1,"column":48}},"1":{"start":{"line":10,"column":36},"end":{"line":23,"column":1}},"2":{"start":{"line":16,"column":2},"end":{"line":22,"column":4}},"3":{"start":{"line":25,"column":0},"end":{"line":25,"column":21}}},"fnMap":{"0":{"name":"(anonymous_0)","decl":{"start":{"line":10,"column":36},"end":{"line":10,"column":37}},"loc":{"start":{"line":15,"column":5},"end":{"line":23,"column":1}}}},"branchMap":{"0":{"loc":{"start":{"line":14,"column":2},"end":{"line":14,"column":14}},"type":"default-arg","locations":[{"start":{"line":14,"column":9},"end":{"line":14,"column":14}}]}},"s":{"0":9,"1":9,"2":25,"3":9},"f":{"0":25},"b":{"0":[1]}}
,"C:\\Users\\Ana Berg\\projects\\personal\\devices\\devices-web\\src\\components\\Typography\\Typography.tsx": {"path":"C:\\Users\\Ana Berg\\projects\\personal\\devices\\devices-web\\src\\components\\Typography\\Typography.tsx","statementMap":{"0":{"start":{"line":6,"column":46},"end":{"line":65,"column":1}},"1":{"start":{"line":10,"column":17},"end":{"line":63,"column":3}},"2":{"start":{"line":11,"column":4},"end":{"line":62,"column":null}},"3":{"start":{"line":13,"column":8},"end":{"line":24,"column":10}},"4":{"start":{"line":26,"column":8},"end":{"line":36,"column":10}},"5":{"start":{"line":38,"column":8},"end":{"line":48,"column":10}},"6":{"start":{"line":51,"column":8},"end":{"line":61,"column":10}},"7":{"start":{"line":64,"column":2},"end":{"line":64,"column":18}},"8":{"start":{"line":67,"column":0},"end":{"line":67,"column":26}}},"fnMap":{"0":{"name":"(anonymous_0)","decl":{"start":{"line":6,"column":46},"end":{"line":6,"column":47}},"loc":{"start":{"line":9,"column":5},"end":{"line":65,"column":1}}},"1":{"name":"(anonymous_1)","decl":{"start":{"line":10,"column":17},"end":{"line":10,"column":20}},"loc":{"start":{"line":10,"column":22},"end":{"line":63,"column":3}}}},"branchMap":{"0":{"loc":{"start":{"line":8,"column":2},"end":{"line":8,"column":18}},"type":"default-arg","locations":[{"start":{"line":8,"column":12},"end":{"line":8,"column":18}}]},"1":{"loc":{"start":{"line":11,"column":4},"end":{"line":62,"column":null}},"type":"switch","locations":[{"start":{"line":12,"column":6},"end":{"line":24,"column":10}},{"start":{"line":25,"column":6},"end":{"line":36,"column":10}},{"start":{"line":37,"column":6},"end":{"line":48,"column":10}},{"start":{"line":49,"column":6},"end":{"line":49,"column":18}},{"start":{"line":50,"column":6},"end":{"line":61,"column":10}}]}},"s":{"0":9,"1":52,"2":52,"3":12,"4":3,"5":36,"6":1,"7":52,"8":9},"f":{"0":52,"1":52},"b":{"0":[1],"1":[12,3,36,1,1]}}
,"C:\\Users\\Ana Berg\\projects\\personal\\devices\\devices-web\\src\\core\\App.tsx": {"path":"C:\\Users\\Ana Berg\\projects\\personal\\devices\\devices-web\\src\\core\\App.tsx","statementMap":{"0":{"start":{"line":1,"column":0},"end":{"line":1,"column":39}},"1":{"start":{"line":3,"column":12},"end":{"line":11,"column":1}},"2":{"start":{"line":4,"column":2},"end":{"line":10,"column":4}},"3":{"start":{"line":13,"column":0},"end":{"line":13,"column":19}}},"fnMap":{"0":{"name":"(anonymous_0)","decl":{"start":{"line":3,"column":12},"end":{"line":3,"column":15}},"loc":{"start":{"line":3,"column":17},"end":{"line":11,"column":1}}}},"branchMap":{},"s":{"0":1,"1":1,"2":2,"3":1},"f":{"0":2},"b":{}}
,"C:\\Users\\Ana Berg\\projects\\personal\\devices\\devices-web\\src\\helper\\handleDeviceList.ts": {"path":"C:\\Users\\Ana Berg\\projects\\personal\\devices\\devices-web\\src\\helper\\handleDeviceList.ts","statementMap":{"0":{"start":{"line":2,"column":0},"end":{"line":2,"column":50}},"1":{"start":{"line":4,"column":32},"end":{"line":9,"column":1}},"2":{"start":{"line":5,"column":2},"end":{"line":8,"column":6}},"3":{"start":{"line":5,"column":63},"end":{"line":8,"column":4}},"4":{"start":{"line":4,"column":13},"end":{"line":4,"column":32}}},"fnMap":{"0":{"name":"(anonymous_0)","decl":{"start":{"line":4,"column":32},"end":{"line":4,"column":33}},"loc":{"start":{"line":4,"column":59},"end":{"line":9,"column":1}}},"1":{"name":"(anonymous_1)","decl":{"start":{"line":5,"column":22},"end":{"line":5,"column":23}},"loc":{"start":{"line":5,"column":63},"end":{"line":8,"column":4}}}},"branchMap":{},"s":{"0":3,"1":3,"2":17,"3":1,"4":3},"f":{"0":17,"1":1},"b":{}}
,"C:\\Users\\Ana Berg\\projects\\personal\\devices\\devices-web\\src\\helper\\handleTypeMask.ts": {"path":"C:\\Users\\Ana Berg\\projects\\personal\\devices\\devices-web\\src\\helper\\handleTypeMask.ts","statementMap":{"0":{"start":{"line":3,"column":30},"end":{"line":12,"column":1}},"1":{"start":{"line":4,"column":2},"end":{"line":11,"column":null}},"2":{"start":{"line":6,"column":6},"end":{"line":6,"column":22}},"3":{"start":{"line":8,"column":6},"end":{"line":8,"column":31}},"4":{"start":{"line":10,"column":6},"end":{"line":10,"column":22}},"5":{"start":{"line":3,"column":13},"end":{"line":3,"column":30}}},"fnMap":{"0":{"name":"(anonymous_0)","decl":{"start":{"line":3,"column":30},"end":{"line":3,"column":31}},"loc":{"start":{"line":3,"column":51},"end":{"line":12,"column":1}}}},"branchMap":{"0":{"loc":{"start":{"line":4,"column":2},"end":{"line":11,"column":null}},"type":"switch","locations":[{"start":{"line":5,"column":4},"end":{"line":6,"column":22}},{"start":{"line":7,"column":4},"end":{"line":8,"column":31}},{"start":{"line":9,"column":4},"end":{"line":10,"column":22}}]}},"s":{"0":3,"1":5,"2":1,"3":1,"4":3,"5":3},"f":{"0":5},"b":{"0":[1,1,3]}}
,"C:\\Users\\Ana Berg\\projects\\personal\\devices\\devices-web\\src\\hooks\\useMutation.tsx": {"path":"C:\\Users\\Ana Berg\\projects\\personal\\devices\\devices-web\\src\\hooks\\useMutation.tsx","statementMap":{"0":{"start":{"line":1,"column":0},"end":{"line":1,"column":33}},"1":{"start":{"line":10,"column":16},"end":{"line":10,"column":39}},"2":{"start":{"line":12,"column":20},"end":{"line":52,"column":1}},"3":{"start":{"line":13,"column":32},"end":{"line":13,"column":56}},"4":{"start":{"line":14,"column":32},"end":{"line":14,"column":56}},"5":{"start":{"line":15,"column":28},"end":{"line":15,"column":63}},"6":{"start":{"line":17,"column":26},"end":{"line":17,"column":45}},"7":{"start":{"line":20,"column":17},"end":{"line":49,"column":3}},"8":{"start":{"line":21,"column":16},"end":{"line":46,"column":8}},"9":{"start":{"line":28,"column":26},"end":{"line":28,"column":41}},"10":{"start":{"line":30,"column":8},"end":{"line":30,"column":25}},"11":{"start":{"line":31,"column":8},"end":{"line":31,"column":25}},"12":{"start":{"line":32,"column":8},"end":{"line":32,"column":20}},"13":{"start":{"line":35,"column":8},"end":{"line":35,"column":25}},"14":{"start":{"line":36,"column":28},"end":{"line":36,"column":38}},"15":{"start":{"line":37,"column":29},"end":{"line":40,"column":26}},"16":{"start":{"line":41,"column":8},"end":{"line":41,"column":31}},"17":{"start":{"line":42,"column":8},"end":{"line":42,"column":26}},"18":{"start":{"line":45,"column":8},"end":{"line":45,"column":26}},"19":{"start":{"line":48,"column":4},"end":{"line":48,"column":17}},"20":{"start":{"line":51,"column":2},"end":{"line":51,"column":51}},"21":{"start":{"line":54,"column":0},"end":{"line":54,"column":27}}},"fnMap":{"0":{"name":"(anonymous_0)","decl":{"start":{"line":12,"column":20},"end":{"line":12,"column":21}},"loc":{"start":{"line":12,"column":55},"end":{"line":52,"column":1}}},"1":{"name":"(anonymous_1)","decl":{"start":{"line":20,"column":17},"end":{"line":20,"column":22}},"loc":{"start":{"line":20,"column":37},"end":{"line":49,"column":3}}},"2":{"name":"(anonymous_2)","decl":{"start":{"line":28,"column":12},"end":{"line":28,"column":13}},"loc":{"start":{"line":28,"column":26},"end":{"line":28,"column":41}}},"3":{"name":"(anonymous_3)","decl":{"start":{"line":29,"column":12},"end":{"line":29,"column":13}},"loc":{"start":{"line":29,"column":21},"end":{"line":33,"column":7}}},"4":{"name":"(anonymous_4)","decl":{"start":{"line":34,"column":13},"end":{"line":34,"column":14}},"loc":{"start":{"line":34,"column":19},"end":{"line":43,"column":7}}},"5":{"name":"(anonymous_5)","decl":{"start":{"line":44,"column":15},"end":{"line":44,"column":18}},"loc":{"start":{"line":44,"column":20},"end":{"line":46,"column":7}}}},"branchMap":{},"s":{"0":4,"1":4,"2":4,"3":27,"4":27,"5":27,"6":27,"7":27,"8":4,"9":2,"10":2,"11":2,"12":2,"13":2,"14":2,"15":2,"16":2,"17":2,"18":4,"19":4,"20":27,"21":4},"f":{"0":27,"1":4,"2":2,"3":2,"4":2,"5":4},"b":{}}
,"C:\\Users\\Ana Berg\\projects\\personal\\devices\\devices-web\\src\\hooks\\useQuery.tsx": {"path":"C:\\Users\\Ana Berg\\projects\\personal\\devices\\devices-web\\src\\hooks\\useQuery.tsx","statementMap":{"0":{"start":{"line":1,"column":0},"end":{"line":1,"column":44}},"1":{"start":{"line":8,"column":16},"end":{"line":8,"column":39}},"2":{"start":{"line":10,"column":17},"end":{"line":75,"column":1}},"3":{"start":{"line":11,"column":32},"end":{"line":11,"column":56}},"4":{"start":{"line":12,"column":32},"end":{"line":12,"column":56}},"5":{"start":{"line":13,"column":28},"end":{"line":13,"column":63}},"6":{"start":{"line":15,"column":26},"end":{"line":15,"column":45}},"7":{"start":{"line":17,"column":2},"end":{"line":43,"column":14}},"8":{"start":{"line":18,"column":4},"end":{"line":42,"column":9}},"9":{"start":{"line":21,"column":26},"end":{"line":21,"column":41}},"10":{"start":{"line":23,"column":8},"end":{"line":23,"column":25}},"11":{"start":{"line":24,"column":8},"end":{"line":26,"column":null}},"12":{"start":{"line":25,"column":10},"end":{"line":25,"column":36}},"13":{"start":{"line":27,"column":8},"end":{"line":27,"column":22}},"14":{"start":{"line":28,"column":8},"end":{"line":28,"column":25}},"15":{"start":{"line":31,"column":8},"end":{"line":31,"column":25}},"16":{"start":{"line":32,"column":28},"end":{"line":32,"column":38}},"17":{"start":{"line":33,"column":29},"end":{"line":36,"column":26}},"18":{"start":{"line":37,"column":8},"end":{"line":37,"column":31}},"19":{"start":{"line":38,"column":8},"end":{"line":38,"column":26}},"20":{"start":{"line":41,"column":8},"end":{"line":41,"column":26}},"21":{"start":{"line":46,"column":16},"end":{"line":72,"column":3}},"22":{"start":{"line":47,"column":4},"end":{"line":71,"column":9}},"23":{"start":{"line":50,"column":26},"end":{"line":50,"column":41}},"24":{"start":{"line":52,"column":8},"end":{"line":52,"column":25}},"25":{"start":{"line":53,"column":8},"end":{"line":55,"column":null}},"26":{"start":{"line":54,"column":10},"end":{"line":54,"column":36}},"27":{"start":{"line":56,"column":8},"end":{"line":56,"column":22}},"28":{"start":{"line":57,"column":8},"end":{"line":57,"column":25}},"29":{"start":{"line":60,"column":8},"end":{"line":60,"column":25}},"30":{"start":{"line":61,"column":28},"end":{"line":61,"column":38}},"31":{"start":{"line":62,"column":29},"end":{"line":65,"column":26}},"32":{"start":{"line":66,"column":8},"end":{"line":66,"column":31}},"33":{"start":{"line":67,"column":8},"end":{"line":67,"column":26}},"34":{"start":{"line":70,"column":8},"end":{"line":70,"column":26}},"35":{"start":{"line":74,"column":2},"end":{"line":74,"column":50}},"36":{"start":{"line":77,"column":0},"end":{"line":77,"column":24}}},"fnMap":{"0":{"name":"(anonymous_0)","decl":{"start":{"line":10,"column":17},"end":{"line":10,"column":18}},"loc":{"start":{"line":10,"column":35},"end":{"line":75,"column":1}}},"1":{"name":"(anonymous_1)","decl":{"start":{"line":17,"column":12},"end":{"line":17,"column":15}},"loc":{"start":{"line":17,"column":17},"end":{"line":43,"column":3}}},"2":{"name":"(anonymous_2)","decl":{"start":{"line":21,"column":12},"end":{"line":21,"column":13}},"loc":{"start":{"line":21,"column":26},"end":{"line":21,"column":41}}},"3":{"name":"(anonymous_3)","decl":{"start":{"line":22,"column":12},"end":{"line":22,"column":13}},"loc":{"start":{"line":22,"column":21},"end":{"line":29,"column":7}}},"4":{"name":"(anonymous_4)","decl":{"start":{"line":30,"column":13},"end":{"line":30,"column":14}},"loc":{"start":{"line":30,"column":19},"end":{"line":39,"column":7}}},"5":{"name":"(anonymous_5)","decl":{"start":{"line":40,"column":15},"end":{"line":40,"column":18}},"loc":{"start":{"line":40,"column":20},"end":{"line":42,"column":7}}},"6":{"name":"(anonymous_6)","decl":{"start":{"line":46,"column":16},"end":{"line":46,"column":17}},"loc":{"start":{"line":46,"column":32},"end":{"line":72,"column":3}}},"7":{"name":"(anonymous_7)","decl":{"start":{"line":50,"column":12},"end":{"line":50,"column":13}},"loc":{"start":{"line":50,"column":26},"end":{"line":50,"column":41}}},"8":{"name":"(anonymous_8)","decl":{"start":{"line":51,"column":12},"end":{"line":51,"column":13}},"loc":{"start":{"line":51,"column":21},"end":{"line":58,"column":7}}},"9":{"name":"(anonymous_9)","decl":{"start":{"line":59,"column":13},"end":{"line":59,"column":14}},"loc":{"start":{"line":59,"column":19},"end":{"line":68,"column":7}}},"10":{"name":"(anonymous_10)","decl":{"start":{"line":69,"column":15},"end":{"line":69,"column":18}},"loc":{"start":{"line":69,"column":20},"end":{"line":71,"column":7}}}},"branchMap":{"0":{"loc":{"start":{"line":24,"column":8},"end":{"line":26,"column":null}},"type":"if","locations":[{"start":{"line":24,"column":8},"end":{"line":26,"column":null}}]},"1":{"loc":{"start":{"line":53,"column":8},"end":{"line":55,"column":null}},"type":"if","locations":[{"start":{"line":53,"column":8},"end":{"line":55,"column":null}}]}},"s":{"0":3,"1":3,"2":3,"3":24,"4":22,"5":22,"6":22,"7":22,"8":11,"9":10,"10":10,"11":10,"12":4,"13":6,"14":6,"15":5,"16":5,"17":5,"18":5,"19":5,"20":11,"21":22,"22":2,"23":1,"24":1,"25":1,"26":0,"27":1,"28":1,"29":1,"30":1,"31":1,"32":1,"33":1,"34":2,"35":22,"36":3},"f":{"0":24,"1":11,"2":10,"3":10,"4":5,"5":11,"6":2,"7":1,"8":1,"9":1,"10":2},"b":{"0":[4],"1":[0]}}
,"C:\\Users\\Ana Berg\\projects\\personal\\devices\\devices-web\\src\\pages\\LandingPage\\LandingPage.tsx": {"path":"C:\\Users\\Ana Berg\\projects\\personal\\devices\\devices-web\\src\\pages\\LandingPage\\LandingPage.tsx","statementMap":{"0":{"start":{"line":1,"column":0},"end":{"line":1,"column":44}},"1":{"start":{"line":3,"column":0},"end":{"line":3,"column":58}},"2":{"start":{"line":4,"column":0},"end":{"line":4,"column":65}},"3":{"start":{"line":5,"column":0},"end":{"line":5,"column":44}},"4":{"start":{"line":6,"column":0},"end":{"line":6,"column":58}},"5":{"start":{"line":7,"column":0},"end":{"line":7,"column":50}},"6":{"start":{"line":11,"column":48},"end":{"line":109,"column":1}},"7":{"start":{"line":16,"column":6},"end":{"line":16,"column":29}},"8":{"start":{"line":22,"column":6},"end":{"line":22,"column":28}},"9":{"start":{"line":28,"column":6},"end":{"line":28,"column":41}},"10":{"start":{"line":29,"column":26},"end":{"line":29,"column":50}},"11":{"start":{"line":30,"column":32},"end":{"line":30,"column":52}},"12":{"start":{"line":31,"column":26},"end":{"line":31,"column":66}},"13":{"start":{"line":33,"column":2},"end":{"line":51,"column":44}},"14":{"start":{"line":34,"column":4},"end":{"line":38,"column":null}},"15":{"start":{"line":35,"column":6},"end":{"line":35,"column":59}},"16":{"start":{"line":36,"column":6},"end":{"line":36,"column":23}},"17":{"start":{"line":37,"column":6},"end":{"line":37,"column":20}},"18":{"start":{"line":40,"column":4},"end":{"line":44,"column":null}},"19":{"start":{"line":41,"column":6},"end":{"line":41,"column":62}},"20":{"start":{"line":42,"column":6},"end":{"line":42,"column":23}},"21":{"start":{"line":43,"column":6},"end":{"line":43,"column":20}},"22":{"start":{"line":46,"column":4},"end":{"line":50,"column":null}},"23":{"start":{"line":47,"column":6},"end":{"line":47,"column":61}},"24":{"start":{"line":48,"column":6},"end":{"line":48,"column":23}},"25":{"start":{"line":49,"column":6},"end":{"line":49,"column":20}},"26":{"start":{"line":52,"column":2},"end":{"line":58,"column":16}},"27":{"start":{"line":53,"column":4},"end":{"line":57,"column":null}},"28":{"start":{"line":54,"column":6},"end":{"line":54,"column":53}},"29":{"start":{"line":55,"column":6},"end":{"line":55,"column":25}},"30":{"start":{"line":56,"column":6},"end":{"line":56,"column":20}},"31":{"start":{"line":60,"column":27},"end":{"line":69,"column":3}},"32":{"start":{"line":64,"column":4},"end":{"line":66,"column":null}},"33":{"start":{"line":65,"column":6},"end":{"line":65,"column":13}},"34":{"start":{"line":68,"column":4},"end":{"line":68,"column":19}},"35":{"start":{"line":71,"column":18},"end":{"line":71,"column":44}},"36":{"start":{"line":72,"column":17},"end":{"line":72,"column":65}},"37":{"start":{"line":74,"column":2},"end":{"line":108,"column":4}},"38":{"start":{"line":111,"column":0},"end":{"line":111,"column":27}}},"fnMap":{"0":{"name":"(anonymous_1)","decl":{"start":{"line":11,"column":48},"end":{"line":11,"column":51}},"loc":{"start":{"line":11,"column":53},"end":{"line":109,"column":1}}},"1":{"name":"(anonymous_2)","decl":{"start":{"line":33,"column":12},"end":{"line":33,"column":15}},"loc":{"start":{"line":33,"column":17},"end":{"line":51,"column":3}}},"2":{"name":"(anonymous_3)","decl":{"start":{"line":52,"column":12},"end":{"line":52,"column":15}},"loc":{"start":{"line":52,"column":17},"end":{"line":58,"column":3}}},"3":{"name":"(anonymous_4)","decl":{"start":{"line":60,"column":27},"end":{"line":60,"column":null}},"loc":{"start":{"line":63,"column":6},"end":{"line":69,"column":3}}}},"branchMap":{"0":{"loc":{"start":{"line":34,"column":4},"end":{"line":38,"column":null}},"type":"if","locations":[{"start":{"line":34,"column":4},"end":{"line":38,"column":null}}]},"1":{"loc":{"start":{"line":40,"column":4},"end":{"line":44,"column":null}},"type":"if","locations":[{"start":{"line":40,"column":4},"end":{"line":44,"column":null}}]},"2":{"loc":{"start":{"line":46,"column":4},"end":{"line":50,"column":null}},"type":"if","locations":[{"start":{"line":46,"column":4},"end":{"line":50,"column":null}}]},"3":{"loc":{"start":{"line":53,"column":4},"end":{"line":57,"column":null}},"type":"if","locations":[{"start":{"line":53,"column":4},"end":{"line":57,"column":null}}]},"4":{"loc":{"start":{"line":64,"column":4},"end":{"line":66,"column":null}},"type":"if","locations":[{"start":{"line":64,"column":4},"end":{"line":66,"column":null}}]},"5":{"loc":{"start":{"line":72,"column":34},"end":{"line":72,"column":64}},"type":"cond-expr","locations":[{"start":{"line":72,"column":47},"end":{"line":72,"column":59}},{"start":{"line":72,"column":62},"end":{"line":72,"column":64}}]},"6":{"loc":{"start":{"line":84,"column":11},"end":{"line":84,"column":54}},"type":"cond-expr","locations":[{"start":{"line":84,"column":24},"end":{"line":84,"column":47}},{"start":{"line":84,"column":50},"end":{"line":84,"column":54}}]},"7":{"loc":{"start":{"line":89,"column":45},"end":{"line":89,"column":58}},"type":"binary-expr","locations":[{"start":{"line":89,"column":45},"end":{"line":89,"column":52}},{"start":{"line":89,"column":56},"end":{"line":89,"column":58}}]}},"s":{"0":2,"1":2,"2":2,"3":2,"4":2,"5":2,"6":2,"7":10,"8":8,"9":8,"10":8,"11":8,"12":8,"13":8,"14":6,"15":2,"16":2,"17":2,"18":6,"19":2,"20":2,"21":2,"22":6,"23":0,"24":0,"25":0,"26":8,"27":4,"28":0,"29":0,"30":0,"31":8,"32":0,"33":0,"34":0,"35":8,"36":8,"37":8,"38":2},"f":{"0":10,"1":6,"2":4,"3":0},"b":{"0":[2],"1":[2],"2":[0],"3":[0],"4":[0],"5":[0,8],"6":[0,8],"7":[8,8]}}
,"C:\\Users\\Ana Berg\\projects\\personal\\devices\\devices-web\\src\\pages\\LandingPage\\components\\CreateForm\\CreateForm.tsx": {"path":"C:\\Users\\Ana Berg\\projects\\personal\\devices\\devices-web\\src\\pages\\LandingPage\\components\\CreateForm\\CreateForm.tsx","statementMap":{"0":{"start":{"line":1,"column":0},"end":{"line":1,"column":44}},"1":{"start":{"line":3,"column":0},"end":{"line":3,"column":57}},"2":{"start":{"line":5,"column":0},"end":{"line":5,"column":80}},"3":{"start":{"line":6,"column":0},"end":{"line":6,"column":56}},"4":{"start":{"line":19,"column":46},"end":{"line":122,"column":1}},"5":{"start":{"line":20,"column":24},"end":{"line":20,"column":74}},"6":{"start":{"line":21,"column":26},"end":{"line":21,"column":50}},"7":{"start":{"line":22,"column":32},"end":{"line":22,"column":52}},"8":{"start":{"line":23,"column":26},"end":{"line":23,"column":66}},"9":{"start":{"line":24,"column":46},"end":{"line":24,"column":79}},"10":{"start":{"line":25,"column":18},"end":{"line":25,"column":52}},"11":{"start":{"line":30,"column":6},"end":{"line":30,"column":13}},"12":{"start":{"line":32,"column":2},"end":{"line":40,"column":16}},"13":{"start":{"line":33,"column":4},"end":{"line":38,"column":null}},"14":{"start":{"line":34,"column":6},"end":{"line":34,"column":51}},"15":{"start":{"line":35,"column":6},"end":{"line":35,"column":25}},"16":{"start":{"line":36,"column":6},"end":{"line":36,"column":27}},"17":{"start":{"line":37,"column":6},"end":{"line":37,"column":20}},"18":{"start":{"line":42,"column":2},"end":{"line":48,"column":14}},"19":{"start":{"line":43,"column":4},"end":{"line":47,"column":null}},"20":{"start":{"line":44,"column":6},"end":{"line":44,"column":57}},"21":{"start":{"line":45,"column":6},"end":{"line":45,"column":23}},"22":{"start":{"line":46,"column":6},"end":{"line":46,"column":20}},"23":{"start":{"line":50,"column":27},"end":{"line":59,"column":3}},"24":{"start":{"line":54,"column":4},"end":{"line":56,"column":null}},"25":{"start":{"line":55,"column":6},"end":{"line":55,"column":13}},"26":{"start":{"line":58,"column":4},"end":{"line":58,"column":19}},"27":{"start":{"line":61,"column":16},"end":{"line":65,"column":4}},"28":{"start":{"line":67,"column":42},"end":{"line":71,"column":3}},"29":{"start":{"line":68,"column":4},"end":{"line":70,"column":null}},"30":{"start":{"line":69,"column":6},"end":{"line":69,"column":19}},"31":{"start":{"line":73,"column":18},"end":{"line":76,"column":3}},"32":{"start":{"line":74,"column":4},"end":{"line":74,"column":27}},"33":{"start":{"line":75,"column":4},"end":{"line":75,"column":25}},"34":{"start":{"line":78,"column":2},"end":{"line":121,"column":4}},"35":{"start":{"line":108,"column":50},"end":{"line":108,"column":60}},"36":{"start":{"line":124,"column":0},"end":{"line":124,"column":26}}},"fnMap":{"0":{"name":"(anonymous_1)","decl":{"start":{"line":19,"column":46},"end":{"line":19,"column":49}},"loc":{"start":{"line":19,"column":51},"end":{"line":122,"column":1}}},"1":{"name":"(anonymous_2)","decl":{"start":{"line":32,"column":12},"end":{"line":32,"column":15}},"loc":{"start":{"line":32,"column":17},"end":{"line":40,"column":3}}},"2":{"name":"(anonymous_3)","decl":{"start":{"line":42,"column":12},"end":{"line":42,"column":15}},"loc":{"start":{"line":42,"column":17},"end":{"line":48,"column":3}}},"3":{"name":"(anonymous_4)","decl":{"start":{"line":50,"column":27},"end":{"line":50,"column":null}},"loc":{"start":{"line":53,"column":6},"end":{"line":59,"column":3}}},"4":{"name":"(anonymous_5)","decl":{"start":{"line":67,"column":42},"end":{"line":67,"column":43}},"loc":{"start":{"line":67,"column":51},"end":{"line":71,"column":3}}},"5":{"name":"(anonymous_6)","decl":{"start":{"line":73,"column":18},"end":{"line":73,"column":19}},"loc":{"start":{"line":73,"column":77},"end":{"line":76,"column":3}}},"6":{"name":"(anonymous_7)","decl":{"start":{"line":108,"column":43},"end":{"line":108,"column":44}},"loc":{"start":{"line":108,"column":50},"end":{"line":108,"column":60}}}},"branchMap":{"0":{"loc":{"start":{"line":33,"column":4},"end":{"line":38,"column":null}},"type":"if","locations":[{"start":{"line":33,"column":4},"end":{"line":38,"column":null}}]},"1":{"loc":{"start":{"line":43,"column":4},"end":{"line":47,"column":null}},"type":"if","locations":[{"start":{"line":43,"column":4},"end":{"line":47,"column":null}}]},"2":{"loc":{"start":{"line":54,"column":4},"end":{"line":56,"column":null}},"type":"if","locations":[{"start":{"line":54,"column":4},"end":{"line":56,"column":null}}]},"3":{"loc":{"start":{"line":68,"column":4},"end":{"line":70,"column":null}},"type":"if","locations":[{"start":{"line":68,"column":4},"end":{"line":70,"column":null}}]}},"s":{"0":3,"1":3,"2":3,"3":3,"4":3,"5":15,"6":15,"7":15,"8":15,"9":15,"10":15,"11":15,"12":15,"13":8,"14":1,"15":1,"16":1,"17":1,"18":15,"19":8,"20":1,"21":1,"22":1,"23":15,"24":0,"25":0,"26":0,"27":15,"28":15,"29":2,"30":2,"31":15,"32":0,"33":0,"34":15,"35":0,"36":3},"f":{"0":15,"1":8,"2":8,"3":0,"4":2,"5":0,"6":0},"b":{"0":[1],"1":[1],"2":[0],"3":[2]}}
,"C:\\Users\\Ana Berg\\projects\\personal\\devices\\devices-web\\src\\pages\\LandingPage\\components\\MacAddressForm\\MacAddressForm.tsx": {"path":"C:\\Users\\Ana Berg\\projects\\personal\\devices\\devices-web\\src\\pages\\LandingPage\\components\\MacAddressForm\\MacAddressForm.tsx","statementMap":{"0":{"start":{"line":1,"column":0},"end":{"line":1,"column":34}},"1":{"start":{"line":3,"column":0},"end":{"line":3,"column":57}},"2":{"start":{"line":5,"column":0},"end":{"line":5,"column":65}},"3":{"start":{"line":20,"column":54},"end":{"line":82,"column":1}},"4":{"start":{"line":26,"column":24},"end":{"line":26,"column":42}},"5":{"start":{"line":27,"column":18},"end":{"line":27,"column":52}},"6":{"start":{"line":32,"column":6},"end":{"line":32,"column":13}},"7":{"start":{"line":34,"column":2},"end":{"line":39,"column":16}},"8":{"start":{"line":35,"column":4},"end":{"line":37,"column":null}},"9":{"start":{"line":36,"column":6},"end":{"line":36,"column":27}},"10":{"start":{"line":41,"column":42},"end":{"line":49,"column":3}},"11":{"start":{"line":42,"column":4},"end":{"line":48,"column":null}},"12":{"start":{"line":43,"column":6},"end":{"line":47,"column":null}},"13":{"start":{"line":44,"column":8},"end":{"line":44,"column":21}},"14":{"start":{"line":45,"column":13},"end":{"line":47,"column":null}},"15":{"start":{"line":46,"column":8},"end":{"line":46,"column":20}},"16":{"start":{"line":51,"column":18},"end":{"line":54,"column":3}},"17":{"start":{"line":52,"column":4},"end":{"line":52,"column":27}},"18":{"start":{"line":53,"column":4},"end":{"line":53,"column":25}},"19":{"start":{"line":56,"column":2},"end":{"line":81,"column":4}},"20":{"start":{"line":72,"column":32},"end":{"line":72,"column":42}},"21":{"start":{"line":84,"column":0},"end":{"line":84,"column":30}}},"fnMap":{"0":{"name":"(anonymous_0)","decl":{"start":{"line":20,"column":54},"end":{"line":20,"column":55}},"loc":{"start":{"line":25,"column":5},"end":{"line":82,"column":1}}},"1":{"name":"(anonymous_1)","decl":{"start":{"line":34,"column":12},"end":{"line":34,"column":15}},"loc":{"start":{"line":34,"column":17},"end":{"line":39,"column":3}}},"2":{"name":"(anonymous_2)","decl":{"start":{"line":41,"column":42},"end":{"line":41,"column":43}},"loc":{"start":{"line":41,"column":51},"end":{"line":49,"column":3}}},"3":{"name":"(anonymous_3)","decl":{"start":{"line":51,"column":18},"end":{"line":51,"column":19}},"loc":{"start":{"line":51,"column":77},"end":{"line":54,"column":3}}},"4":{"name":"(anonymous_4)","decl":{"start":{"line":72,"column":25},"end":{"line":72,"column":26}},"loc":{"start":{"line":72,"column":32},"end":{"line":72,"column":42}}}},"branchMap":{"0":{"loc":{"start":{"line":23,"column":2},"end":{"line":23,"column":17}},"type":"default-arg","locations":[{"start":{"line":23,"column":12},"end":{"line":23,"column":17}}]},"1":{"loc":{"start":{"line":24,"column":2},"end":{"line":24,"column":17}},"type":"default-arg","locations":[{"start":{"line":24,"column":12},"end":{"line":24,"column":17}}]},"2":{"loc":{"start":{"line":35,"column":4},"end":{"line":37,"column":null}},"type":"if","locations":[{"start":{"line":35,"column":4},"end":{"line":37,"column":null}}]},"3":{"loc":{"start":{"line":42,"column":4},"end":{"line":48,"column":null}},"type":"if","locations":[{"start":{"line":42,"column":4},"end":{"line":48,"column":null}}]},"4":{"loc":{"start":{"line":43,"column":6},"end":{"line":47,"column":null}},"type":"if","locations":[{"start":{"line":43,"column":6},"end":{"line":47,"column":null}},{"start":{"line":45,"column":13},"end":{"line":47,"column":null}}]},"5":{"loc":{"start":{"line":45,"column":13},"end":{"line":47,"column":null}},"type":"if","locations":[{"start":{"line":45,"column":13},"end":{"line":47,"column":null}}]}},"s":{"0":3,"1":3,"2":3,"3":3,"4":21,"5":21,"6":21,"7":21,"8":11,"9":0,"10":21,"11":2,"12":2,"13":1,"14":1,"15":1,"16":21,"17":0,"18":0,"19":21,"20":0,"21":3},"f":{"0":21,"1":11,"2":2,"3":0,"4":0},"b":{"0":[5],"1":[13],"2":[0],"3":[2],"4":[1,1],"5":[1]}}
}
