TN:
SF:src\vite-env.d.ts
FNF:0
FNH:0
LF:0
LH:0
BRF:0
BRH:0
end_of_record
TN:
SF:src\components\Accordian\Accordian.tsx
FN:13,(anonymous_1)
FN:28,(anonymous_2)
FN:28,(anonymous_3)
FNF:3
FNH:3
FNDA:35,(anonymous_1)
FNDA:1,(anonymous_2)
FNDA:1,(anonymous_3)
DA:1,8
DA:3,8
DA:4,8
DA:6,8
DA:13,8
DA:14,35
DA:16,35
DA:28,1
DA:53,8
LF:9
LH:9
BRDA:35,0,0,34
BRDA:35,0,1,1
BRDA:41,1,0,34
BRDA:41,1,1,1
BRDA:43,2,0,34
BRDA:43,2,1,1
BRF:6
BRH:6
end_of_record
TN:
SF:src\components\Button\Button.tsx
FN:12,(anonymous_0)
FN:20,(anonymous_1)
FNF:2
FNH:2
FNDA:76,(anonymous_0)
FNDA:76,(anonymous_1)
DA:1,9
DA:12,9
DA:20,76
DA:21,76
DA:23,37
DA:35,1
DA:48,38
DA:63,76
DA:79,9
LF:9
LH:9
BRDA:14,0,0,38
BRDA:17,1,0,39
BRDA:18,2,0,76
BRDA:21,3,0,37
BRDA:21,3,1,1
BRDA:21,3,2,38
BRDA:21,3,3,38
BRDA:65,4,0,76
BRDA:65,4,1,76
BRDA:70,5,0,1
BRDA:70,5,1,75
BRF:11
BRH:11
end_of_record
TN:
SF:src\components\Form\From.tsx
FN:10,(anonymous_0)
FNF:1
FNH:1
FNDA:41,(anonymous_0)
DA:1,9
DA:10,9
DA:11,41
DA:18,9
LF:4
LH:4
BRF:0
BRH:0
end_of_record
TN:
SF:src\components\List\List.tsx
FN:15,(anonymous_0)
FN:46,(anonymous_1)
FNF:2
FNH:2
FNDA:11,(anonymous_0)
FNDA:2,(anonymous_1)
DA:1,8
DA:3,8
DA:15,8
DA:16,11
DA:17,1
DA:20,10
DA:21,9
DA:36,1
DA:47,2
DA:64,8
LF:10
LH:10
BRDA:15,0,0,2
BRDA:16,1,0,1
BRDA:20,2,0,9
BRDA:50,3,0,1
BRDA:50,3,1,1
BRF:5
BRH:5
end_of_record
TN:
SF:src\components\Select\Select.tsx
FN:15,(anonymous_0)
FN:30,(anonymous_1)
FN:60,(anonymous_2)
FNF:3
FNH:3
FNDA:17,(anonymous_0)
FNDA:19,(anonymous_1)
FNDA:53,(anonymous_2)
DA:1,8
DA:15,8
DA:23,17
DA:25,17
DA:31,19
DA:61,53
DA:72,8
LF:7
LH:7
BRDA:19,0,0,17
BRDA:20,1,0,1
BRDA:21,2,0,2
BRDA:54,3,0,1
BRDA:54,3,1,18
BRF:5
BRH:5
end_of_record
TN:
SF:src\components\TextField\TextField.tsx
FN:13,(anonymous_1)
FN:28,(anonymous_2)
FNF:2
FNH:2
FNDA:68,(anonymous_1)
FNDA:76,(anonymous_2)
DA:1,8
DA:2,8
DA:13,8
DA:21,68
DA:23,68
DA:29,76
DA:63,8
LF:7
LH:7
BRDA:16,0,0,32
BRDA:17,1,0,2
BRDA:18,2,0,1
BRDA:19,3,0,68
BRDA:50,4,0,1
BRDA:50,4,1,75
BRF:6
BRH:6
end_of_record
TN:
SF:src\components\Toast\Toast.tsx
FN:10,(anonymous_0)
FNF:1
FNH:1
FNDA:25,(anonymous_0)
DA:1,9
DA:10,9
DA:16,25
DA:25,9
LF:4
LH:4
BRDA:14,0,0,1
BRF:1
BRH:1
end_of_record
TN:
SF:src\components\Typography\Typography.tsx
FN:6,(anonymous_0)
FN:10,(anonymous_1)
FNF:2
FNH:2
FNDA:52,(anonymous_0)
FNDA:52,(anonymous_1)
DA:6,9
DA:10,52
DA:11,52
DA:13,12
DA:26,3
DA:38,36
DA:51,1
DA:64,52
DA:67,9
LF:9
LH:9
BRDA:8,0,0,1
BRDA:11,1,0,12
BRDA:11,1,1,3
BRDA:11,1,2,36
BRDA:11,1,3,1
BRDA:11,1,4,1
BRF:6
BRH:6
end_of_record
TN:
SF:src\core\App.tsx
FN:3,(anonymous_0)
FNF:1
FNH:1
FNDA:2,(anonymous_0)
DA:1,1
DA:3,1
DA:4,2
DA:13,1
LF:4
LH:4
BRF:0
BRH:0
end_of_record
TN:
SF:src\helper\handleDeviceList.ts
FN:4,(anonymous_0)
FN:5,(anonymous_1)
FNF:2
FNH:2
FNDA:17,(anonymous_0)
FNDA:1,(anonymous_1)
DA:2,3
DA:4,3
DA:5,17
LF:3
LH:3
BRF:0
BRH:0
end_of_record
TN:
SF:src\helper\handleTypeMask.ts
FN:3,(anonymous_0)
FNF:1
FNH:1
FNDA:5,(anonymous_0)
DA:3,3
DA:4,5
DA:6,1
DA:8,1
DA:10,3
LF:5
LH:5
BRDA:4,0,0,1
BRDA:4,0,1,1
BRDA:4,0,2,3
BRF:3
BRH:3
end_of_record
TN:
SF:src\hooks\useMutation.tsx
FN:12,(anonymous_0)
FN:20,(anonymous_1)
FN:28,(anonymous_2)
FN:29,(anonymous_3)
FN:34,(anonymous_4)
FN:44,(anonymous_5)
FNF:6
FNH:6
FNDA:23,(anonymous_0)
FNDA:2,(anonymous_1)
FNDA:1,(anonymous_2)
FNDA:1,(anonymous_3)
FNDA:1,(anonymous_4)
FNDA:2,(anonymous_5)
DA:1,3
DA:10,3
DA:12,3
DA:13,23
DA:14,23
DA:15,23
DA:17,23
DA:20,23
DA:21,2
DA:28,1
DA:30,1
DA:31,1
DA:32,1
DA:35,1
DA:36,1
DA:37,1
DA:41,1
DA:42,1
DA:45,2
DA:48,2
DA:51,23
DA:54,3
LF:22
LH:22
BRF:0
BRH:0
end_of_record
TN:
SF:src\hooks\useQuery.tsx
FN:10,(anonymous_0)
FN:17,(anonymous_1)
FN:21,(anonymous_2)
FN:22,(anonymous_3)
FN:30,(anonymous_4)
FN:40,(anonymous_5)
FN:46,(anonymous_6)
FN:50,(anonymous_7)
FN:51,(anonymous_8)
FN:59,(anonymous_9)
FN:69,(anonymous_10)
FNF:11
FNH:6
FNDA:18,(anonymous_0)
FNDA:8,(anonymous_1)
FNDA:8,(anonymous_2)
FNDA:8,(anonymous_3)
FNDA:4,(anonymous_4)
FNDA:8,(anonymous_5)
FNDA:0,(anonymous_6)
FNDA:0,(anonymous_7)
FNDA:0,(anonymous_8)
FNDA:0,(anonymous_9)
FNDA:0,(anonymous_10)
DA:1,2
DA:8,2
DA:10,2
DA:11,18
DA:12,16
DA:13,16
DA:15,16
DA:17,16
DA:18,8
DA:21,8
DA:23,8
DA:24,8
DA:25,4
DA:27,4
DA:28,4
DA:31,4
DA:32,4
DA:33,4
DA:37,4
DA:38,4
DA:41,8
DA:46,16
DA:47,0
DA:50,0
DA:52,0
DA:53,0
DA:54,0
DA:56,0
DA:57,0
DA:60,0
DA:61,0
DA:62,0
DA:66,0
DA:67,0
DA:70,0
DA:74,16
DA:77,2
LF:37
LH:24
BRDA:24,0,0,4
BRDA:53,1,0,0
BRF:2
BRH:1
end_of_record
TN:
SF:src\pages\LandingPage\LandingPage.tsx
FN:11,(anonymous_1)
FN:33,(anonymous_2)
FN:52,(anonymous_3)
FN:60,(anonymous_4)
FNF:4
FNH:3
FNDA:10,(anonymous_1)
FNDA:6,(anonymous_2)
FNDA:4,(anonymous_3)
FNDA:0,(anonymous_4)
DA:1,2
DA:3,2
DA:4,2
DA:5,2
DA:6,2
DA:7,2
DA:11,2
DA:16,10
DA:22,8
DA:28,8
DA:29,8
DA:30,8
DA:31,8
DA:33,8
DA:34,6
DA:35,2
DA:36,2
DA:37,2
DA:40,6
DA:41,2
DA:42,2
DA:43,2
DA:46,6
DA:47,0
DA:48,0
DA:49,0
DA:52,8
DA:53,4
DA:54,0
DA:55,0
DA:56,0
DA:60,8
DA:64,0
DA:65,0
DA:68,0
DA:71,8
DA:72,8
DA:74,8
DA:111,2
LF:39
LH:30
BRDA:34,0,0,2
BRDA:40,1,0,2
BRDA:46,2,0,0
BRDA:53,3,0,0
BRDA:64,4,0,0
BRDA:72,5,0,0
BRDA:72,5,1,8
BRDA:84,6,0,0
BRDA:84,6,1,8
BRDA:89,7,0,8
BRDA:89,7,1,8
BRF:11
BRH:6
end_of_record
TN:
SF:src\pages\LandingPage\components\CreateForm\CreateForm.tsx
FN:19,(anonymous_1)
FN:32,(anonymous_2)
FN:42,(anonymous_3)
FN:50,(anonymous_4)
FN:67,(anonymous_5)
FN:73,(anonymous_6)
FN:108,(anonymous_7)
FNF:7
FNH:4
FNDA:15,(anonymous_1)
FNDA:8,(anonymous_2)
FNDA:8,(anonymous_3)
FNDA:0,(anonymous_4)
FNDA:2,(anonymous_5)
FNDA:0,(anonymous_6)
FNDA:0,(anonymous_7)
DA:1,3
DA:3,3
DA:5,3
DA:6,3
DA:19,3
DA:20,15
DA:21,15
DA:22,15
DA:23,15
DA:24,15
DA:25,15
DA:30,15
DA:32,15
DA:33,8
DA:34,1
DA:35,1
DA:36,1
DA:37,1
DA:42,15
DA:43,8
DA:44,1
DA:45,1
DA:46,1
DA:50,15
DA:54,0
DA:55,0
DA:58,0
DA:61,15
DA:67,15
DA:68,2
DA:69,2
DA:73,15
DA:74,0
DA:75,0
DA:78,15
DA:108,0
DA:124,3
LF:37
LH:31
BRDA:33,0,0,1
BRDA:43,1,0,1
BRDA:54,2,0,0
BRDA:68,3,0,2
BRF:4
BRH:3
end_of_record
TN:
SF:src\pages\LandingPage\components\MacAddressForm\MacAddressForm.tsx
FN:20,(anonymous_0)
FN:34,(anonymous_1)
FN:41,(anonymous_2)
FN:51,(anonymous_3)
FN:72,(anonymous_4)
FNF:5
FNH:3
FNDA:21,(anonymous_0)
FNDA:11,(anonymous_1)
FNDA:2,(anonymous_2)
FNDA:0,(anonymous_3)
FNDA:0,(anonymous_4)
DA:1,3
DA:3,3
DA:5,3
DA:20,3
DA:26,21
DA:27,21
DA:32,21
DA:34,21
DA:35,11
DA:36,0
DA:41,21
DA:42,2
DA:43,2
DA:44,1
DA:45,1
DA:46,1
DA:51,21
DA:52,0
DA:53,0
DA:56,21
DA:72,0
DA:84,3
LF:22
LH:18
BRDA:23,0,0,5
BRDA:24,1,0,13
BRDA:35,2,0,0
BRDA:42,3,0,2
BRDA:43,4,0,1
BRDA:43,4,1,1
BRDA:45,5,0,1
BRF:7
BRH:6
end_of_record
